<?xml version="1.0" encoding="UTF-8"?>
<testsuites>
  <testsuite name="fastlane.lanes">
    
    
    
      
      <testcase classname="fastlane.lanes" name="0: Verifying required fastlane version" time="0.00293">
        
      </testcase>
    
      
      <testcase classname="fastlane.lanes" name="1: default_platform" time="0.002041">
        
      </testcase>
    
      
      <testcase classname="fastlane.lanes" name="2: gradle" time="7.423577">
        
          <failure message="/Users/levibostian/.fastlane/bin/bundle/lib/ruby/gems/2.2.0/gems/fastlane-2.55.0/fastlane/lib/fastlane/actions/actions_helper.rb:48:in `execute_action'&#10;/Users/levibostian/.fastlane/bin/bundle/lib/ruby/gems/2.2.0/gems/fastlane-2.55.0/fastlane/lib/fastlane/runner.rb:230:in `block in execute_action'&#10;/Users/levibostian/.fastlane/bin/bundle/lib/ruby/gems/2.2.0/gems/fastlane-2.55.0/fastlane/lib/fastlane/runner.rb:226:in `chdir'&#10;/Users/levibostian/.fastlane/bin/bundle/lib/ruby/gems/2.2.0/gems/fastlane-2.55.0/fastlane/lib/fastlane/runner.rb:226:in `execute_action'&#10;/Users/levibostian/.fastlane/bin/bundle/lib/ruby/gems/2.2.0/gems/fastlane-2.55.0/fastlane/lib/fastlane/runner.rb:148:in `trigger_action_by_name'&#10;/Users/levibostian/.fastlane/bin/bundle/lib/ruby/gems/2.2.0/gems/fastlane-2.55.0/fastlane/lib/fastlane/fast_file.rb:146:in `method_missing'&#10;Fastfile:16:in `block (2 levels) in parsing_binding'&#10;/Users/levibostian/.fastlane/bin/bundle/lib/ruby/gems/2.2.0/gems/fastlane-2.55.0/fastlane/lib/fastlane/lane.rb:33:in `call'&#10;/Users/levibostian/.fastlane/bin/bundle/lib/ruby/gems/2.2.0/gems/fastlane-2.55.0/fastlane/lib/fastlane/lane.rb:33:in `call'&#10;/Users/levibostian/.fastlane/bin/bundle/lib/ruby/gems/2.2.0/gems/fastlane-2.55.0/fastlane/lib/fastlane/runner.rb:49:in `block in execute'&#10;/Users/levibostian/.fastlane/bin/bundle/lib/ruby/gems/2.2.0/gems/fastlane-2.55.0/fastlane/lib/fastlane/runner.rb:45:in `chdir'&#10;/Users/levibostian/.fastlane/bin/bundle/lib/ruby/gems/2.2.0/gems/fastlane-2.55.0/fastlane/lib/fastlane/runner.rb:45:in `execute'&#10;/Users/levibostian/.fastlane/bin/bundle/lib/ruby/gems/2.2.0/gems/fastlane-2.55.0/fastlane/lib/fastlane/lane_manager.rb:52:in `cruise_lane'&#10;/Users/levibostian/.fastlane/bin/bundle/lib/ruby/gems/2.2.0/gems/fastlane-2.55.0/fastlane/lib/fastlane/command_line_handler.rb:30:in `handle'&#10;/Users/levibostian/.fastlane/bin/bundle/lib/ruby/gems/2.2.0/gems/fastlane-2.55.0/fastlane/lib/fastlane/commands_generator.rb:104:in `block (2 levels) in run'&#10;/Users/levibostian/.fastlane/bin/bundle/lib/ruby/gems/2.2.0/gems/commander-fastlane-4.4.5/lib/commander/command.rb:178:in `call'&#10;/Users/levibostian/.fastlane/bin/bundle/lib/ruby/gems/2.2.0/gems/commander-fastlane-4.4.5/lib/commander/command.rb:178:in `call'&#10;/Users/levibostian/.fastlane/bin/bundle/lib/ruby/gems/2.2.0/gems/commander-fastlane-4.4.5/lib/commander/command.rb:153:in `run'&#10;/Users/levibostian/.fastlane/bin/bundle/lib/ruby/gems/2.2.0/gems/commander-fastlane-4.4.5/lib/commander/runner.rb:476:in `run_active_command'&#10;/Users/levibostian/.fastlane/bin/bundle/lib/ruby/gems/2.2.0/gems/fastlane-2.55.0/fastlane_core/lib/fastlane_core/ui/fastlane_runner.rb:64:in `run!'&#10;/Users/levibostian/.fastlane/bin/bundle/lib/ruby/gems/2.2.0/gems/commander-fastlane-4.4.5/lib/commander/delegates.rb:15:in `run!'&#10;/Users/levibostian/.fastlane/bin/bundle/lib/ruby/gems/2.2.0/gems/fastlane-2.55.0/fastlane/lib/fastlane/commands_generator.rb:303:in `run'&#10;/Users/levibostian/.fastlane/bin/bundle/lib/ruby/gems/2.2.0/gems/fastlane-2.55.0/fastlane/lib/fastlane/commands_generator.rb:42:in `start'&#10;/Users/levibostian/.fastlane/bin/bundle/lib/ruby/gems/2.2.0/gems/fastlane-2.55.0/fastlane/lib/fastlane/cli_tools_distributor.rb:66:in `take_off'&#10;/Users/levibostian/.fastlane/bin/bundle/lib/ruby/gems/2.2.0/gems/fastlane-2.55.0/bin/fastlane:20:in `&lt;top (required)&gt;'&#10;/Users/levibostian/.fastlane/bin/bundle/bin/fastlane:22:in `load'&#10;/Users/levibostian/.fastlane/bin/bundle/bin/fastlane:22:in `&lt;main&gt;'&#10;&#10;Exit status of command '/Users/levibostian/code/AndroidBlanky/gradlew installDevelopmentDebug -p . --offline -PminSdk=22' was 1 instead of 0.&#10;Parallel execution with configuration on demand is an incubating feature.&#10;Configuration 'compile' in project ':app' is deprecated. Use 'implementation' instead.&#10;Configuration 'testCompile' in project ':app' is deprecated. Use 'testImplementation' instead.&#10;registerResGeneratingTask is deprecated, use registerGeneratedFolders(FileCollection)&#10;registerResGeneratingTask is deprecated, use registerGeneratedFolders(FileCollection)&#10;registerResGeneratingTask is deprecated, use registerGeneratedFolders(FileCollection)&#10;registerResGeneratingTask is deprecated, use registerGeneratedFolders(FileCollection)&#10;registerResGeneratingTask is deprecated, use registerGeneratedFolders(FileCollection)&#10;registerResGeneratingTask is deprecated, use registerGeneratedFolders(FileCollection)&#10;:app:preBuild UP-TO-DATE&#10;:app:preDevelopmentDebugBuild UP-TO-DATE&#10;:app:compileDevelopmentDebugAidl UP-TO-DATE&#10;:app:compileDevelopmentDebugRenderscript UP-TO-DATE&#10;:app:checkDevelopmentDebugManifest UP-TO-DATE&#10;:app:generateDevelopmentDebugBuildConfig UP-TO-DATE&#10;:app:mergeDevelopmentDebugShaders UP-TO-DATE&#10;:app:compileDevelopmentDebugShaders UP-TO-DATE&#10;:app:generateDevelopmentDebugAssets UP-TO-DATE&#10;:app:mergeDevelopmentDebugAssets UP-TO-DATE&#10;:app:createDevelopmentDebugCompatibleScreenManifests UP-TO-DATE&#10;:app:processDevelopmentDebugManifest&#10;:app:fabricGenerateResourcesDevelopmentDebug&#10;:app:generateDevelopmentDebugResValues UP-TO-DATE&#10;:app:generateDevelopmentDebugResources UP-TO-DATE&#10;:app:mergeDevelopmentDebugResources&#10;:app:splitsDiscoveryTaskDevelopmentDebug UP-TO-DATE&#10;:app:processDevelopmentDebugResources&#10;:app:kaptGenerateStubsDevelopmentDebugKotlin UP-TO-DATE&#10;:app:kaptDevelopmentDebugKotlin UP-TO-DATE&#10;:app:compileDevelopmentDebugKotlin UP-TO-DATE&#10;:app:generateDevelopmentDebugSources&#10;:app:javaPreCompileDevelopmentDebug UP-TO-DATE&#10;:app:compileDevelopmentDebugJavaWithJavac UP-TO-DATE&#10;:app:compileDevelopmentDebugNdk NO-SOURCE&#10;:app:compileDevelopmentDebugSources UP-TO-DATE&#10;:app:extractTryWithResourcesSupportJarDevelopmentDebug UP-TO-DATE&#10;:app:transformClassesWithDesugarForDevelopmentDebug UP-TO-DATE&#10;:app:transformClassesWithRealmTransformerForDevelopmentDebug UP-TO-DATE&#10;:app:transformClassesWithDexBuilderForDevelopmentDebug UP-TO-DATE&#10;:app:transformDexArchiveWithDexMergerForDevelopmentDebug UP-TO-DATE&#10;:app:mergeDevelopmentDebugJniLibFolders UP-TO-DATE&#10;:app:transformNativeLibsWithMergeJniLibsForDevelopmentDebug UP-TO-DATE&#10;:app:transformNativeLibsWithStripDebugSymbolForDevelopmentDebug UP-TO-DATE&#10;:app:processDevelopmentDebugJavaRes NO-SOURCE&#10;:app:transformResourcesWithMergeJavaResForDevelopmentDebug UP-TO-DATE&#10;:app:validateSigningDevelopmentDebug&#10;:app:packageDevelopmentDebug&#10;:app:assembleDevelopmentDebug&#10;:app:installDevelopmentDebug FAILED&#10;&#10;FAILURE: Build failed with an exception.&#10;&#10;* What went wrong:&#10;Execution failed for task ':app:installDevelopmentDebug'.&#10;&gt; com.android.builder.testing.api.DeviceException: No connected devices!&#10;&#10;* Try:&#10;Run with --stacktrace option to get the stack trace. Run with --info or --debug option to get more log output.&#10;&#10;* Get more help at https://help.gradle.org&#10;&#10;BUILD FAILED in 6s&#10;32 actionable tasks: 7 executed, 25 up-to-date&#10;" />
        
      </testcase>
    
      
      <testcase classname="fastlane.lanes" name="3: notification" time="0.230525">
        
      </testcase>
    
  </testsuite>
</testsuites>
